<?xml version="1.0" encoding="UTF-8"?>
<robot generator="Robot 5.0.1 (Python 3.10.7 on win32)" generated="20221014 12:39:28.708" rpa="false" schemaversion="3">
<suite id="s1" name="Blazemeter-Robot" source="D:\SoftwareTesting\blazemeter-robot">
<kw name="Open Home page" library="Search_flights_keywords" type="SETUP">
<kw name="Open Browser" library="SeleniumLibrary">
<arg>${URL}</arg>
<arg>${BROWSER}</arg>
<doc>Opens a new browser instance to the optional ``url``.</doc>
<msg timestamp="20221014 12:39:28.915" level="INFO">Opening browser 'Chrome' to base url 'http://blazedemo.com/'.</msg>
<status status="PASS" starttime="20221014 12:39:28.915" endtime="20221014 12:39:30.832"/>
</kw>
<kw name="Sleep" library="BuiltIn">
<arg>10s</arg>
<doc>Pauses the test executed for the given time.</doc>
<msg timestamp="20221014 12:39:40.841" level="INFO">Slept 10 seconds</msg>
<status status="PASS" starttime="20221014 12:39:30.833" endtime="20221014 12:39:40.841"/>
</kw>
<status status="PASS" starttime="20221014 12:39:28.915" endtime="20221014 12:39:40.841"/>
</kw>
<suite id="s1-s1" name="Search Flights" source="D:\SoftwareTesting\blazemeter-robot\search_flights.robot">
<test id="s1-s1-t1" name="The user can search for flights" line="16">
<kw name="Select Departure City" library="Search_flights_keywords">
<arg>Paris</arg>
<kw name="Select From List By Value" library="SeleniumLibrary">
<arg>xpath://select[@name='fromPort']</arg>
<arg>${departure_city}</arg>
<doc>Selects options from selection list ``locator`` by ``values``.</doc>
<msg timestamp="20221014 12:39:40.847" level="INFO">Selecting options from selection list 'xpath://select[@name='fromPort']' by value Paris.</msg>
<status status="PASS" starttime="20221014 12:39:40.847" endtime="20221014 12:39:40.885"/>
</kw>
<status status="PASS" starttime="20221014 12:39:40.841" endtime="20221014 12:39:40.885"/>
</kw>
<kw name="Select destination City" library="Search_flights_keywords">
<arg>London</arg>
<kw name="Select From List By Value" library="SeleniumLibrary">
<arg>xpath://select[@name='toPort']</arg>
<arg>${destination_city}</arg>
<doc>Selects options from selection list ``locator`` by ``values``.</doc>
<msg timestamp="20221014 12:39:40.886" level="INFO">Selecting options from selection list 'xpath://select[@name='toPort']' by value London.</msg>
<status status="PASS" starttime="20221014 12:39:40.886" endtime="20221014 12:39:40.944"/>
</kw>
<status status="PASS" starttime="20221014 12:39:40.886" endtime="20221014 12:39:40.944"/>
</kw>
<kw name="Search For Flights" library="Search_flights_keywords">
<kw name="Click Button" library="SeleniumLibrary">
<arg>css:input[type='submit']</arg>
<doc>Clicks the button identified by ``locator``.</doc>
<msg timestamp="20221014 12:39:40.945" level="INFO">Clicking button 'css:input[type='submit']'.</msg>
<status status="PASS" starttime="20221014 12:39:40.945" endtime="20221014 12:39:41.278"/>
</kw>
<status status="PASS" starttime="20221014 12:39:40.945" endtime="20221014 12:39:41.278"/>
</kw>
<kw name="There are available Flights" library="Search_flights_keywords">
<kw name="Get WebElements" library="SeleniumLibrary">
<var>@{flights}</var>
<arg>css:table[class='table']&gt;tbody tr</arg>
<doc>Returns a list of WebElement objects matching the ``locator``.</doc>
<msg timestamp="20221014 12:39:41.288" level="INFO">@{flights} = [ &lt;selenium.webdriver.remote.webelement.WebElement (session="66cabb935764d11c9a7887d28ef3f175", element="5063ffaa-956c-4542-8a75-9f85bd545181")&gt; | &lt;selenium.webdriver.remote.webelement.WebElement (ses...</msg>
<status status="PASS" starttime="20221014 12:39:41.279" endtime="20221014 12:39:41.288"/>
</kw>
<kw name="Should Not Be Empty" library="BuiltIn">
<arg>${flights}</arg>
<doc>Verifies that the given item is not empty.</doc>
<msg timestamp="20221014 12:39:41.288" level="INFO">Length is 5</msg>
<status status="PASS" starttime="20221014 12:39:41.288" endtime="20221014 12:39:41.288"/>
</kw>
<status status="PASS" starttime="20221014 12:39:41.278" endtime="20221014 12:39:41.288"/>
</kw>
<tag>Search_flights</tag>
<status status="PASS" starttime="20221014 12:39:40.841" endtime="20221014 12:39:41.289"/>
</test>
<status status="PASS" starttime="20221014 12:39:40.841" endtime="20221014 12:39:41.290"/>
</suite>
<kw name="Close Browsers" library="Search_flights_keywords" type="TEARDOWN">
<kw name="Close All Browsers" library="SeleniumLibrary">
<doc>Closes all open browsers and resets the browser cache.</doc>
<status status="PASS" starttime="20221014 12:39:41.292" endtime="20221014 12:39:43.382"/>
</kw>
<status status="PASS" starttime="20221014 12:39:41.292" endtime="20221014 12:39:43.382"/>
</kw>
<status status="PASS" starttime="20221014 12:39:28.708" endtime="20221014 12:39:43.382"/>
</suite>
<statistics>
<total>
<stat pass="1" fail="0" skip="0">All Tests</stat>
</total>
<tag>
<stat pass="1" fail="0" skip="0">Search_flights</stat>
</tag>
<suite>
<stat pass="1" fail="0" skip="0" id="s1" name="Blazemeter-Robot">Blazemeter-Robot</stat>
<stat pass="1" fail="0" skip="0" id="s1-s1" name="Search Flights">Blazemeter-Robot.Search Flights</stat>
</suite>
</statistics>
<errors>
</errors>
</robot>
